[debug] [2025-06-25T11:31:47.739Z] ----------------------------------------------------------------------
[debug] [2025-06-25T11:31:47.746Z] Command:       C:\Program Files\nodejs\node.exe C:\Users\Galaxy Tech\AppData\Roaming\npm\node_modules\firebase-tools\lib\bin\firebase.js init
[debug] [2025-06-25T11:31:47.747Z] CLI Version:   14.8.0
[debug] [2025-06-25T11:31:47.747Z] Platform:      win32
[debug] [2025-06-25T11:31:47.747Z] Node Version:  v20.18.1
[debug] [2025-06-25T11:31:47.748Z] Time:          Wed Jun 25 2025 17:01:47 GMT+0530 (India Standard Time)
[debug] [2025-06-25T11:31:47.748Z] ----------------------------------------------------------------------
[debug] 
[debug] [2025-06-25T11:31:47.754Z] >>> [apiv2][query] GET https://firebase-public.firebaseio.com/cli.json [none]
[debug] [2025-06-25T11:31:47.863Z] > command requires scopes: ["email","openid","https://www.googleapis.com/auth/cloudplatformprojects.readonly","https://www.googleapis.com/auth/firebase","https://www.googleapis.com/auth/cloud-platform"]
[debug] [2025-06-25T11:31:47.864Z] > authorizing via signed-in user (jasminesharmie@gmail.com)
[info] 
     ######## #### ########  ######## ########     ###     ######  ########
     ##        ##  ##     ## ##       ##     ##  ##   ##  ##       ##
     ######    ##  ########  ######   ########  #########  ######  ######
     ##        ##  ##    ##  ##       ##     ## ##     ##       ## ##
     ##       #### ##     ## ######## ########  ##     ##  ######  ########

You're about to initialize a Firebase project in this directory:

  C:\Users\Galaxy Tech\python\akilm.com

[debug] [2025-06-25T11:31:48.708Z] <<< [apiv2][status] GET https://firebase-public.firebaseio.com/cli.json 200
[debug] [2025-06-25T11:31:48.709Z] <<< [apiv2][body] GET https://firebase-public.firebaseio.com/cli.json {"cloudBuildErrorAfter":1594252800000,"cloudBuildWarnAfter":1590019200000,"defaultNode10After":1594252800000,"minVersion":"3.0.5","node8DeploysDisabledAfter":1613390400000,"node8RuntimeDisabledAfter":1615809600000,"node8WarnAfter":1600128000000}
[info] 
=== Project Setup
[info] 
[info] First, let's associate this project directory with a Firebase project.
[info] You can create multiple project aliases by running firebase use --add, 
[info] but for now we'll just set up a default project.
[info] 
[debug] [2025-06-25T11:35:25.956Z] ----------------------------------------------------------------------
[debug] [2025-06-25T11:35:25.963Z] Command:       C:\Program Files\nodejs\node.exe C:\Users\Galaxy Tech\AppData\Roaming\npm\node_modules\firebase-tools\lib\bin\firebase.js init
[debug] [2025-06-25T11:35:25.964Z] CLI Version:   14.8.0
[debug] [2025-06-25T11:35:25.964Z] Platform:      win32
[debug] [2025-06-25T11:35:25.965Z] Node Version:  v20.18.1
[debug] [2025-06-25T11:35:25.965Z] Time:          Wed Jun 25 2025 17:05:25 GMT+0530 (India Standard Time)
[debug] [2025-06-25T11:35:25.966Z] ----------------------------------------------------------------------
[debug] 
[debug] [2025-06-25T11:35:25.980Z] > command requires scopes: ["email","openid","https://www.googleapis.com/auth/cloudplatformprojects.readonly","https://www.googleapis.com/auth/firebase","https://www.googleapis.com/auth/cloud-platform"]
[debug] [2025-06-25T11:35:25.981Z] > authorizing via signed-in user (jasminesharmie@gmail.com)
[info] 
     ######## #### ########  ######## ########     ###     ######  ########
     ##        ##  ##     ## ##       ##     ##  ##   ##  ##       ##
     ######    ##  ########  ######   ########  #########  ######  ######
     ##        ##  ##    ##  ##       ##     ## ##     ##       ## ##
     ##       #### ##     ## ######## ########  ##     ##  ######  ########

You're about to initialize a Firebase project in this directory:

  C:\Users\Galaxy Tech\python\akilm.com

[debug] [2025-06-25T11:37:59.466Z] ----------------------------------------------------------------------
[debug] [2025-06-25T11:37:59.474Z] Command:       C:\Program Files\nodejs\node.exe C:\Users\Galaxy Tech\AppData\Roaming\npm\node_modules\firebase-tools\lib\bin\firebase.js init hosting
[debug] [2025-06-25T11:37:59.476Z] CLI Version:   14.8.0
[debug] [2025-06-25T11:37:59.476Z] Platform:      win32
[debug] [2025-06-25T11:37:59.477Z] Node Version:  v20.18.1
[debug] [2025-06-25T11:37:59.477Z] Time:          Wed Jun 25 2025 17:07:59 GMT+0530 (India Standard Time)
[debug] [2025-06-25T11:37:59.478Z] ----------------------------------------------------------------------
[debug] 
[debug] [2025-06-25T11:37:59.496Z] > command requires scopes: ["email","openid","https://www.googleapis.com/auth/cloudplatformprojects.readonly","https://www.googleapis.com/auth/firebase","https://www.googleapis.com/auth/cloud-platform"]
[debug] [2025-06-25T11:37:59.497Z] > authorizing via signed-in user (jasminesharmie@gmail.com)
[info] 
     ######## #### ########  ######## ########     ###     ######  ########
     ##        ##  ##     ## ##       ##     ##  ##   ##  ##       ##
     ######    ##  ########  ######   ########  #########  ######  ######
     ##        ##  ##    ##  ##       ##     ## ##     ##       ## ##
     ##       #### ##     ## ######## ########  ##     ##  ######  ########

You're about to initialize a Firebase project in this directory:

  C:\Users\Galaxy Tech\python\akilm.com

[info] 
=== Project Setup
[info] 
[info] First, let's associate this project directory with a Firebase project.
[info] You can create multiple project aliases by running firebase use --add, 
[info] but for now we'll just set up a default project.
[info] 
[debug] [2025-06-25T11:40:23.573Z] ----------------------------------------------------------------------
[debug] [2025-06-25T11:40:23.582Z] Command:       C:\Program Files\nodejs\node.exe C:\Users\Galaxy Tech\AppData\Roaming\npm\node_modules\firebase-tools\lib\bin\firebase.js init
[debug] [2025-06-25T11:40:23.584Z] CLI Version:   14.8.0
[debug] [2025-06-25T11:40:23.584Z] Platform:      win32
[debug] [2025-06-25T11:40:23.585Z] Node Version:  v20.18.1
[debug] [2025-06-25T11:40:23.585Z] Time:          Wed Jun 25 2025 17:10:23 GMT+0530 (India Standard Time)
[debug] [2025-06-25T11:40:23.586Z] ----------------------------------------------------------------------
[debug] 
[debug] [2025-06-25T11:40:23.602Z] > command requires scopes: ["email","openid","https://www.googleapis.com/auth/cloudplatformprojects.readonly","https://www.googleapis.com/auth/firebase","https://www.googleapis.com/auth/cloud-platform"]
[debug] [2025-06-25T11:40:23.603Z] > authorizing via signed-in user (jasminesharmie@gmail.com)
[info] 
     ######## #### ########  ######## ########     ###     ######  ########
     ##        ##  ##     ## ##       ##     ##  ##   ##  ##       ##
     ######    ##  ########  ######   ########  #########  ######  ######
     ##        ##  ##    ##  ##       ##     ## ##     ##       ## ##
     ##       #### ##     ## ######## ########  ##     ##  ######  ########

You're about to initialize a Firebase project in this directory:

  C:\Users\Galaxy Tech\python\akilm.com

[info] 
=== Project Setup
[info] 
[info] First, let's associate this project directory with a Firebase project.
[info] You can create multiple project aliases by running firebase use --add, 
[info] but for now we'll just set up a default project.
[info] 
[info] i  If you want to create a project in a Google Cloud organization or folder, please use "firebase projects:create" instead, and return to this command when you've created the project. 
[debug] [2025-06-25T11:42:59.309Z] Checked if tokens are valid: false, expires at: 1738059078658
[debug] [2025-06-25T11:42:59.310Z] Checked if tokens are valid: false, expires at: 1738059078658
[debug] [2025-06-25T11:42:59.311Z] > refreshing access token with scopes: []
[debug] [2025-06-25T11:42:59.315Z] >>> [apiv2][query] POST https://www.googleapis.com/oauth2/v3/token [none]
[debug] [2025-06-25T11:42:59.316Z] >>> [apiv2][body] POST https://www.googleapis.com/oauth2/v3/token [omitted]
[debug] [2025-06-25T11:43:00.485Z] <<< [apiv2][status] POST https://www.googleapis.com/oauth2/v3/token 200
[debug] [2025-06-25T11:43:00.486Z] <<< [apiv2][body] POST https://www.googleapis.com/oauth2/v3/token [omitted]
[debug] [2025-06-25T11:43:00.509Z] >>> [apiv2][query] POST https://cloudresourcemanager.googleapis.com/v1/projects [none]
[debug] [2025-06-25T11:43:00.510Z] >>> [apiv2][body] POST https://cloudresourcemanager.googleapis.com/v1/projects {"projectId":"akilm_portfolio","name":"puplic"}
[debug] [2025-06-25T11:43:01.934Z] <<< [apiv2][status] POST https://cloudresourcemanager.googleapis.com/v1/projects 400
[debug] [2025-06-25T11:43:01.935Z] <<< [apiv2][body] POST https://cloudresourcemanager.googleapis.com/v1/projects {"error":{"code":400,"message":"field [project_id] has issue [project_id contains invalid characters]","status":"INVALID_ARGUMENT","details":[{"@type":"type.googleapis.com/google.rpc.BadRequest","fieldViolations":[{"field":"project_id","description":"project_id contains invalid characters"}]},{"@type":"type.googleapis.com/google.rpc.Help","links":[{"url":"https://cloud.google.com/resource-manager/reference/rest/v1/projects"}]}]}}
[debug] [2025-06-25T11:43:02.155Z] FirebaseError: Request to https://cloudresourcemanager.googleapis.com/v1/projects had HTTP Error: 400, field [project_id] has issue [project_id contains invalid characters]
    at responseToError (C:\Users\Galaxy Tech\AppData\Roaming\npm\node_modules\firebase-tools\lib\responseToError.js:52:12)
    at RetryOperation._fn (C:\Users\Galaxy Tech\AppData\Roaming\npm\node_modules\firebase-tools\lib\apiv2.js:312:77)
    at process.processTicksAndRejections (node:internal/process/task_queues:95:5)
[error] 
[error] Error: Failed to create project. See firebase-debug.log for more info.
[debug] [2025-06-25T11:44:53.254Z] ----------------------------------------------------------------------
[debug] [2025-06-25T11:44:53.263Z] Command:       C:\Program Files\nodejs\node.exe C:\Users\Galaxy Tech\AppData\Roaming\npm\node_modules\firebase-tools\lib\bin\firebase.js init
[debug] [2025-06-25T11:44:53.265Z] CLI Version:   14.8.0
[debug] [2025-06-25T11:44:53.265Z] Platform:      win32
[debug] [2025-06-25T11:44:53.266Z] Node Version:  v20.18.1
[debug] [2025-06-25T11:44:53.266Z] Time:          Wed Jun 25 2025 17:14:53 GMT+0530 (India Standard Time)
[debug] [2025-06-25T11:44:53.267Z] ----------------------------------------------------------------------
[debug] 
[debug] [2025-06-25T11:44:53.285Z] > command requires scopes: ["email","openid","https://www.googleapis.com/auth/cloudplatformprojects.readonly","https://www.googleapis.com/auth/firebase","https://www.googleapis.com/auth/cloud-platform"]
[debug] [2025-06-25T11:44:53.287Z] > authorizing via signed-in user (jasminesharmie@gmail.com)
[info] 
     ######## #### ########  ######## ########     ###     ######  ########
     ##        ##  ##     ## ##       ##     ##  ##   ##  ##       ##
     ######    ##  ########  ######   ########  #########  ######  ######
     ##        ##  ##    ##  ##       ##     ## ##     ##       ## ##
     ##       #### ##     ## ######## ########  ##     ##  ######  ########

You're about to initialize a Firebase project in this directory:

  C:\Users\Galaxy Tech\python\akilm.com

[info] 
=== Project Setup
[info] 
[info] First, let's associate this project directory with a Firebase project.
[info] You can create multiple project aliases by running firebase use --add, 
[info] but for now we'll just set up a default project.
[info] 
[info] i  If you want to create a project in a Google Cloud organization or folder, please use "firebase projects:create" instead, and return to this command when you've created the project. 
[debug] [2025-06-25T11:46:57.354Z] Checked if tokens are valid: true, expires at: 1750855379487
[debug] [2025-06-25T11:46:57.356Z] Checked if tokens are valid: true, expires at: 1750855379487
[debug] [2025-06-25T11:46:57.361Z] >>> [apiv2][query] POST https://cloudresourcemanager.googleapis.com/v1/projects [none]
[debug] [2025-06-25T11:46:57.361Z] >>> [apiv2][body] POST https://cloudresourcemanager.googleapis.com/v1/projects {"projectId":"akilm.com","name":"Akil Portfolio"}
[debug] [2025-06-25T11:46:58.895Z] <<< [apiv2][status] POST https://cloudresourcemanager.googleapis.com/v1/projects 400
[debug] [2025-06-25T11:46:58.895Z] <<< [apiv2][body] POST https://cloudresourcemanager.googleapis.com/v1/projects {"error":{"code":400,"message":"field [project_id] has issue [project_id contains invalid characters]","status":"INVALID_ARGUMENT","details":[{"@type":"type.googleapis.com/google.rpc.BadRequest","fieldViolations":[{"field":"project_id","description":"project_id contains invalid characters"}]},{"@type":"type.googleapis.com/google.rpc.Help","links":[{"url":"https://cloud.google.com/resource-manager/reference/rest/v1/projects"}]}]}}
[debug] [2025-06-25T11:46:59.055Z] FirebaseError: Request to https://cloudresourcemanager.googleapis.com/v1/projects had HTTP Error: 400, field [project_id] has issue [project_id contains invalid characters]
    at responseToError (C:\Users\Galaxy Tech\AppData\Roaming\npm\node_modules\firebase-tools\lib\responseToError.js:52:12)
    at RetryOperation._fn (C:\Users\Galaxy Tech\AppData\Roaming\npm\node_modules\firebase-tools\lib\apiv2.js:312:77)
    at process.processTicksAndRejections (node:internal/process/task_queues:95:5)
[error] 
[error] Error: Failed to create project. See firebase-debug.log for more info.
